<?xml version="1.0" encoding="UTF-8"?>
<testng-results skipped="0" failed="0" total="1" passed="1">
  <reporter-output>
  </reporter-output>
  <suite name="Default suite" duration-ms="30691" started-at="2016-04-14T02:00:05Z" finished-at="2016-04-14T02:00:36Z">
    <groups>
    </groups>
    <test name="Default test" duration-ms="30691" started-at="2016-04-14T02:00:05Z" finished-at="2016-04-14T02:00:36Z">
      <class name="cars.CarsTest">
        <test-method status="PASS" signature="setup()[pri:0, instance:cars.CarsTest@27f674d]" name="setup" is-config="true" duration-ms="2685" started-at="2016-04-13T21:00:05Z" finished-at="2016-04-13T21:00:08Z">
          <reporter-output>
          </reporter-output>
        </test-method> <!-- setup -->
        <test-method status="PASS" signature="mcLarenSearchTest()[pri:0, instance:cars.CarsTest@27f674d]" name="mcLarenSearchTest" duration-ms="27724" started-at="2016-04-13T21:00:08Z" finished-at="2016-04-13T21:00:35Z">
          <reporter-output>
          </reporter-output>
        </test-method> <!-- mcLarenSearchTest -->
        <test-method status="PASS" signature="tearDown()[pri:0, instance:cars.CarsTest@27f674d]" name="tearDown" is-config="true" duration-ms="259" started-at="2016-04-13T21:00:35Z" finished-at="2016-04-13T21:00:35Z">
          <reporter-output>
          </reporter-output>
        </test-method> <!-- tearDown -->
      </class> <!-- cars.CarsTest -->
    </test> <!-- Default test -->
  </suite> <!-- Default suite -->
</testng-results>
